[20:16:00.782] App.OnStartup called
[20:16:00.802] Args: [--items, copy:Copiar:📋,paste:Colar:📄,cut:Recortar:✂️]
[20:16:00.804] Creating MainWindow with args
[20:16:00.849] MainWindow constructor called
[20:16:01.223] InitializeComponent completed
[20:16:01.226] Loaded 3 menu items
[20:16:01.228] Calling MainWindow.Show()
[20:16:01.501] MainWindow_Loaded - Starting...
[20:16:01.510] Original cursor pos: 1719;706
[20:16:01.512] Monitor bounds: L=0, T=0, W=1920, H=1080
[20:16:01.787] Menu at center: 960, 540
[20:16:01.793] Menu built with 3 items
[20:16:01.794] Raw input registered
[20:16:01.799] Cursor hidden and locked
[20:16:01.815] Open animation started - Menu should be visible now!
[20:16:01.833] MainWindow.Show() completed
[20:16:04.930] Window_MouseDown: Left at 960;540
[20:16:04.932] CloseWithResult called with item: copy
[20:16:04.968] Stack trace:    at System.Environment.get_StackTrace()
   at RadialMenu.MainWindow.CloseWithResult(RadialMenuItem item) in c:\Users\flavi\Documents\DocumentSync\ChokoLPT\tentativa-essa-vai-mexer-aqui\CSharp\RadialMenu\MainWindow.xaml.cs:line 901
   at RadialMenu.MainWindow.ConfirmSelection() in c:\Users\flavi\Documents\DocumentSync\ChokoLPT\tentativa-essa-vai-mexer-aqui\CSharp\RadialMenu\MainWindow.xaml.cs:line 885
   at RadialMenu.MainWindow.Window_MouseDown(Object sender, MouseButtonEventArgs e) in c:\Users\flavi\Documents\DocumentSync\ChokoLPT\tentativa-essa-vai-mexer-aqui\CSharp\RadialMenu\MainWindow.xaml.cs:line 858
   at System.Windows.RoutedEventArgs.InvokeHandler(Delegate handler, Object target)
   at System.Windows.EventRoute.InvokeHandlersImpl(Object source, RoutedEventArgs args, Boolean reRaised)
   at System.Windows.UIElement.RaiseEventImpl(DependencyObject sender, RoutedEventArgs args)
   at System.Windows.UIElement.RaiseTrustedEvent(RoutedEventArgs args)
   at System.Windows.Input.InputManager.ProcessStagingArea()
   at System.Windows.Input.InputProviderSite.ReportInput(InputReport inputReport)
   at System.Windows.Interop.HwndMouseInputProvider.ReportInput(IntPtr hwnd, InputMode mode, Int32 timestamp, RawMouseActions actions, Int32 x, Int32 y, Int32 wheel)
   at System.Windows.Interop.HwndMouseInputProvider.FilterMessage(IntPtr hwnd, WindowMessage msg, IntPtr wParam, IntPtr lParam, Boolean& handled)
   at System.Windows.Interop.HwndSource.InputFilterMessage(IntPtr hwnd, Int32 msg, IntPtr wParam, IntPtr lParam, Boolean& handled)
   at MS.Win32.HwndWrapper.WndProc(IntPtr hwnd, Int32 msg, IntPtr wParam, IntPtr lParam, Boolean& handled)
   at System.Windows.Threading.ExceptionWrapper.InternalRealCall(Delegate callback, Object args, Int32 numArgs)
   at System.Windows.Threading.ExceptionWrapper.TryCatchWhen(Object source, Delegate callback, Object args, Int32 numArgs, Delegate catchHandler)
   at MS.Win32.HwndSubclass.SubclassWndProc(IntPtr hwnd, Int32 msg, IntPtr wParam, IntPtr lParam)
   at MS.Win32.UnsafeNativeMethods.DispatchMessage(MSG& msg)
   at MS.Win32.UnsafeNativeMethods.DispatchMessage(MSG& msg)
   at System.Windows.Threading.Dispatcher.PushFrameImpl(DispatcherFrame frame)
   at System.Windows.Application.RunDispatcher(Object ignore)
   at System.Windows.Application.RunInternal(Window window)
   at RadialMenu.App.Main()
[20:16:05.017] Window_MouseUp: Left
[20:16:05.068] MainWindow_Closing called
